TheBattleStar: Pirc IRC bot
Reading cfg...
[TheBattleStar]Autojoin list has size 3
[TheBattleStar]Blockedusers list has size 1
[TheBattleStar]Lockedchannels list has size 1
[TheBattleStar]Adminchannels list has size 1
[TheBattleStar]Autojoin list has size 1
[TheBattleStar]Read complete
[TheBattleStar]*** Connected to server.
[TheBattleStar]>>>NICK TheBattleStar
[TheBattleStar]>>>USER PircBot 8 * :PircBot 1.5.0 Java IRC Bot - www.jibble.org
[TheBattleStar]:irc.faforever.com NOTICE * :*** Looking up your hostname...
[TheBattleStar]:irc.faforever.com NOTICE * :*** Found your hostname
[TheBattleStar]PING :B7852AB9
[TheBattleStar]>>>PONG :B7852AB9
[TheBattleStar]:irc.faforever.com 001 TheBattleStar :Welcome to the FAForever IRC Network TheBattleStar!PircBot@monno2.plus.com
[TheBattleStar]:irc.faforever.com 002 TheBattleStar :Your host is irc.faforever.com, running version UnrealIRCd-4.0.1
[TheBattleStar]:irc.faforever.com 003 TheBattleStar :This server was created Mon Oct 9 2017 at 06:53:13 UTC
[TheBattleStar]:irc.faforever.com 004 TheBattleStar irc.faforever.com UnrealIRCd-4.0.1 iowrsxzdHtIRqpWGTSB lvhopsmntikraqbeIzMQNRTOVKDdGLPZSCcf
[TheBattleStar]*** Logged onto server.
[TheBattleStar]>>>LIST
[TheBattleStar]:irc.faforever.com 005 TheBattleStar UHNAMES NAMESX SAFELIST HCN MAXCHANNELS=20 CHANLIMIT=#:20 MAXLIST=b:60,e:60,I:60 MAXNICKLEN=30 NICKLEN=30 CHANNELLEN=32 TOPICLEN=307 KICKLEN=307 AWAYLEN=307 :are supported by this server
[TheBattleStar]:irc.faforever.com 005 TheBattleStar MAXTARGETS=20 WALLCHOPS WATCH=128 WATCHOPTS=A SILENCE=15 MODES=12 CHANTYPES=# PREFIX=(qaohv)~&@%+ CHANMODES=beI,kLf,l,psmntirzMQNRTOVKDdGPZSCc NETWORK=FAForever CASEMAPPING=ascii EXTBAN=~,SOcaRrnqj ELIST=MNUCT :are supported by this server
[TheBattleStar]:irc.faforever.com 005 TheBattleStar STATUSMSG=~&@%+ EXCEPTS INVEX CMDS=USERIP,STARTTLS,KNOCK,DCCALLOW,MAP :are supported by this server
[TheBattleStar]Run connect: #TheBattleStar_admin, startsLocked = false, shouldAdmin = true
[TheBattleStar]>>>JOIN #TheBattleStar_admin
[TheBattleStar]:irc.faforever.com 396 TheBattleStar Clk-57D491B5.plus.com :is now your displayed host
[TheBattleStar]Run connect: #TheBattleStar_blocked, startsLocked = true, shouldAdmin = false
[TheBattleStar]:irc.faforever.com 251 TheBattleStar :There are 1 users and 924 invisible on 2 servers
[TheBattleStar]>>>JOIN #TheBattleStar_blocked
[TheBattleStar]:irc.faforever.com 252 TheBattleStar 11 :operator(s) online
[TheBattleStar]:irc.faforever.com 253 TheBattleStar 1 :unknown connection(s)
[TheBattleStar]Run connect: #ONI_clan, startsLocked = false, shouldAdmin = false
[TheBattleStar]:irc.faforever.com 254 TheBattleStar 77 :channels formed
[TheBattleStar]>>>JOIN #ONI_clan
[TheBattleStar]:irc.faforever.com 255 TheBattleStar :I have 914 clients and 1 servers
[TheBattleStar]:irc.faforever.com 265 TheBattleStar 914 1169 :Current local users 914, max 1169
[TheBattleStar]:irc.faforever.com 266 TheBattleStar 925 1222 :Current global users 925, max 1222
[TheBattleStar]:irc.faforever.com 375 TheBattleStar :- irc.faforever.com Message of the Day - 
[TheBattleStar]:irc.faforever.com 372 TheBattleStar :- 9/10/2017 4:54
[TheBattleStar]:irc.faforever.com 372 TheBattleStar :- Welcome to Forged Alliance Forever
[TheBattleStar]:irc.faforever.com 376 TheBattleStar :End of /MOTD command.
[TheBattleStar]:TheBattleStar MODE TheBattleStar :+iwx
[TheBattleStar]:irc.faforever.com 321 TheBattleStar Channel :Users  Name
[TheBattleStar]:irc.faforever.com 322 TheBattleStar #CCCT 2 : http://challonge.com/c6mia1c4#
[TheBattleStar]:irc.faforever.com 322 TheBattleStar #DDR_clan 1 : 
[TheBattleStar]:irc.faforever.com 322 TheBattleStar #SP_clan 1 : 
[TheBattleStar]:irc.faforever.com 322 TheBattleStar #lewd 2 :[+nt] flat is justice
[TheBattleStar]:irc.faforever.com 322 TheBattleStar #1 1 : 
[TheBattleStar]:irc.faforever.com 322 TheBattleStar #GDI_clan 1 : 
[TheBattleStar]:irc.faforever.com 322 TheBattleStar #paul 2 : 
[TheBattleStar]:irc.faforever.com 322 TheBattleStar #SNF_clan 13 :[+nt] Never give up, Never surrender! || http://specialnoobforces.boards.net/thread/19/50-clan-tournament
[TheBattleStar]:irc.faforever.com 322 TheBattleStar #babechannel 4 :[+nt] HEIL HITLER
[TheBattleStar]:irc.faforever.com 322 TheBattleStar #qai_channel 1 : 
[TheBattleStar]:irc.faforever.com 322 TheBattleStar #PSI_clan 1 : 
[TheBattleStar]:irc.faforever.com 322 TheBattleStar #A_clan 4 : 
[TheBattleStar]:irc.faforever.com 322 TheBattleStar #ASF_clan 1 : 
[TheBattleStar]:irc.faforever.com 322 TheBattleStar #WaR_clan 2 : 
[TheBattleStar]:irc.faforever.com 322 TheBattleStar #SIR_clan 1 : 
[TheBattleStar]:irc.faforever.com 322 TheBattleStar #JBG_clan 1 : 
[TheBattleStar]:irc.faforever.com 322 TheBattleStar #PRO_clan 8 : 
[TheBattleStar]:irc.faforever.com 322 TheBattleStar #e_clan 7 :[+nt] Our culture & history: https://puu.sh/rrMwe/6565246879.png || Feel the power Tokyto http://puu.sh/sxKEj/df998583df.png || Hope for the best. || TS: 193.87.175.2
[TheBattleStar]:irc.faforever.com 322 TheBattleStar #PRP_clan 1 : 
[TheBattleStar]:irc.faforever.com 322 TheBattleStar #AoS_clan 2 : 
[TheBattleStar]:irc.faforever.com 322 TheBattleStar #DGW_clan 1 : 
[TheBattleStar]:irc.faforever.com 322 TheBattleStar #OSS_clan 2 : 
[TheBattleStar]:irc.faforever.com 322 TheBattleStar #HEL_clan 2 : 
[TheBattleStar]:irc.faforever.com 322 TheBattleStar #noobs 1 : 
[TheBattleStar]:irc.faforever.com 322 TheBattleStar #aeolus 845 :[+nt] Moderator report form: http://bit.ly/2a9Yg5i || See http://faforeverdevblog.tumblr.com for dev news || FAF Discord : discord.gg/hgvj6Af || Constant outbound traffic blocked? Try http://bit.ly/2aFi6EZ  || FAF Facebook: https://goo.gl/d5Lh1n
[TheBattleStar]:irc.faforever.com 322 TheBattleStar #poker 8 : NEIN
[TheBattleStar]:irc.faforever.com 322 TheBattleStar #COM_clan 7 :[+n] memes
[TheBattleStar]:irc.faforever.com 322 TheBattleStar #OvO_clan 1 : 
[TheBattleStar]:irc.faforever.com 322 TheBattleStar #WW_clan 1 : 
[TheBattleStar]:irc.faforever.com 322 TheBattleStar #LDB_clan 1 : 
[TheBattleStar]:irc.faforever.com 322 TheBattleStar #BC_clan 4 :[+nt] BH life, earlier: http://www.smbc-comics.com/comics/1446479923-20151102.png now: http://forums.faforever.com/viewtopic.php?f=2&t=14304
[TheBattleStar]:irc.faforever.com 322 TheBattleStar #123_clan 1 : 
[TheBattleStar]:irc.faforever.com 322 TheBattleStar #BF_clan 2 : 
[TheBattleStar]:irc.faforever.com 322 TheBattleStar #Cro_clan 3 : 
[TheBattleStar]:irc.faforever.com 322 TheBattleStar #<3_clan 3 :[+nt] https://media.discordapp.net/attachments/197042721540538372/384127559618789376/Untitled-2.png?width=513&height=560
[TheBattleStar]:irc.faforever.com 322 TheBattleStar #CYB_clan 2 : 
[TheBattleStar]:irc.faforever.com 322 TheBattleStar #ZEN_clan 1 : 
[TheBattleStar]:irc.faforever.com 322 TheBattleStar #AUS_clan 1 : 
[TheBattleStar]:irc.faforever.com 322 TheBattleStar #moderators 6 : 
[TheBattleStar]:irc.faforever.com 322 TheBattleStar #newbie 339 :[+nt] New Player? Ask your questions below || FAF Discord : discord.gg/hgvj6Af || Wiki: https://wiki.faforever.com || Forums: http://forums.faforever.com/ || Type !help for a list of bot commands
[TheBattleStar]:irc.faforever.com 322 TheBattleStar #TWE_clan 1 : 
[TheBattleStar]:irc.faforever.com 322 TheBattleStar #GB_clan 13 :[+nt] Welcome to GB - in house 3v3 tournement http://challonge.com/ke11jbim discuss teams in the google doc, all are welcome, starts when you guys play your games xD  https://www.youtube.com/watch?v=WeYsTmIzjkw
[TheBattleStar]:irc.faforever.com 322 TheBattleStar #Dsn_clan 1 : 
[TheBattleStar]:irc.faforever.com 322 TheBattleStar #DxD_clan 1 : 
[TheBattleStar]:irc.faforever.com 322 TheBattleStar #w_clan 1 : 
[TheBattleStar]:irc.faforever.com 322 TheBattleStar #delusions 1 :[+nt] 
[TheBattleStar]:irc.faforever.com 322 TheBattleStar #NED_clan 1 : 
[TheBattleStar]:irc.faforever.com 322 TheBattleStar #acu 1 : 
[TheBattleStar]:irc.faforever.com 322 TheBattleStar #Z_clan 2 : 
[TheBattleStar]:irc.faforever.com 322 TheBattleStar #MGF_clan 2 : 
[TheBattleStar]:irc.faforever.com 322 TheBattleStar #VoR_clan 4 : 
[TheBattleStar]:irc.faforever.com 322 TheBattleStar #IC_clan 2 : 
[TheBattleStar]:irc.faforever.com 322 TheBattleStar #JEW_clan 6 :[+nt] Let us play the JEWish piano https://youtu.be/DF7WY1OjCxs
[TheBattleStar]:irc.faforever.com 322 TheBattleStar #FMX_clan 1 : 
[TheBattleStar]:irc.faforever.com 322 TheBattleStar #announcements 1 : 
[TheBattleStar]:irc.faforever.com 322 TheBattleStar #KKK_clan 1 : 
[TheBattleStar]:irc.faforever.com 322 TheBattleStar #smurfs 2 : 
[TheBattleStar]:irc.faforever.com 322 TheBattleStar #ITG_clan 1 : 
[TheBattleStar]:irc.faforever.com 322 TheBattleStar #goy_clan 2 :[+nt] If you want channel back it will be $20 paypal
[TheBattleStar]:irc.faforever.com 322 TheBattleStar #TBA_clan 1 : 
[TheBattleStar]:irc.faforever.com 322 TheBattleStar #BFA_clan 4 : 
[TheBattleStar]:irc.faforever.com 322 TheBattleStar #JnR_clan 1 : 
[TheBattleStar]:irc.faforever.com 322 TheBattleStar #Nod_clan 1 : 
[TheBattleStar]:irc.faforever.com 322 TheBattleStar #TEA_clan 1 : 
[TheBattleStar]:irc.faforever.com 322 TheBattleStar #PLD_clan 1 : 
[TheBattleStar]:irc.faforever.com 322 TheBattleStar #SC_clan 5 : 
[TheBattleStar]:irc.faforever.com 322 TheBattleStar #LMS_clan 1 : 
[TheBattleStar]:irc.faforever.com 322 TheBattleStar #babbys_cup 1 : http://challonge.com/plflqdcc
[TheBattleStar]:irc.faforever.com 322 TheBattleStar #ONI_clan 5 : Settons > Picoo xD
[TheBattleStar]:irc.faforever.com 322 TheBattleStar #BAW_clan 10 :[+nt] Discord: https://discord.gg/nxgQG44 | Clan Training: http://bit.ly/2s0HL0J | (Í¡ Í¡Â° Íœ ã?¤ Í¡Í¡Â°)
[TheBattleStar]:irc.faforever.com 322 TheBattleStar #UEF_clan 9 : 
[TheBattleStar]:irc.faforever.com 322 TheBattleStar #shadows 2 :[+nt] 
[TheBattleStar]:irc.faforever.com 322 TheBattleStar #OT_clan 1 : 
[TheBattleStar]:irc.faforever.com 322 TheBattleStar #testtourney 1 : 
[TheBattleStar]:irc.faforever.com 322 TheBattleStar #S-A_clan 1 : 
[TheBattleStar]:irc.faforever.com 322 TheBattleStar #PhX_clan 1 : 
[TheBattleStar]:irc.faforever.com 322 TheBattleStar #AFX_clan 1 : 
[TheBattleStar]:irc.faforever.com 323 TheBattleStar :End of /LIST
[TheBattleStar]:TheBattleStar!PircBot@Clk-57D491B5.plus.com JOIN :#TheBattleStar_admin
[TheBattleStar]:irc.faforever.com 353 TheBattleStar = #TheBattleStar_admin :@TheBattleStar 
[TheBattleStar]:irc.faforever.com 366 TheBattleStar #TheBattleStar_admin :End of /NAMES list.
[TheBattleStar]:TheBattleStar!PircBot@Clk-57D491B5.plus.com JOIN :#TheBattleStar_blocked
[TheBattleStar]:irc.faforever.com 353 TheBattleStar = #TheBattleStar_blocked :@TheBattleStar 
[TheBattleStar]:irc.faforever.com 366 TheBattleStar #TheBattleStar_blocked :End of /NAMES list.
[TheBattleStar]:TheBattleStar!PircBot@Clk-57D491B5.plus.com JOIN :#ONI_clan
[TheBattleStar]:irc.faforever.com 332 TheBattleStar #ONI_clan :Settons > Picoo xD
[TheBattleStar]:irc.faforever.com 333 TheBattleStar #ONI_clan Rowey 1514634663
[TheBattleStar]:irc.faforever.com 353 TheBattleStar = #ONI_clan :TheBattleStar KnowFear555 Rowey Picoo Lape BigPriapism 
[TheBattleStar]:irc.faforever.com 366 TheBattleStar #ONI_clan :End of /NAMES list.
[TheBattleStar]:Picoo!85465@416E1A5.40A3324E.FDAE81A1.IP TOPIC #ONI_clan :Stop being a dick Rowey
[TheBattleStar]:Picoo!85465@416E1A5.40A3324E.FDAE81A1.IP PRIVMSG #ONI_clan :!ram KnowFear555
[TheBattleStar]>>>PRIVMSG #ONI_clan :ACTION finds KnowFear555 and accelerates to ramming speed...
[TheBattleStar]>>>PRIVMSG #ONI_clan :You're coming down with me, Cylon scum
[TheBattleStar]:Picoo!85465@416E1A5.40A3324E.FDAE81A1.IP PRIVMSG #ONI_clan :!freepoints
[TheBattleStar]>>>PRIVMSG #ONI_clan :ACTION With great enthusiasm and a loud voice, Picoo summons the clan of [ONI] to their side to farm some free points!
[TheBattleStar]>>>PRIVMSG #ONI_clan :KnowFear555 BigPriapism Lape Picoo Rowey 
[TheBattleStar]:KnowFear555!49130@Clk-9809BB07.hsd1.il.comcast.net PRIVMSG #ONI_clan :hi
[TheBattleStar]:Lape!177810@Clk-2013D1.catv.broadband.hu PRIVMSG #ONI_clan :feck off
[TheBattleStar]:Picoo!85465@416E1A5.40A3324E.FDAE81A1.IP PRIVMSG #ONI_clan :follow me lead
[TheBattleStar]:Picoo!85465@416E1A5.40A3324E.FDAE81A1.IP PRIVMSG #ONI_clan :Cylon scum
[TheBattleStar]:PegasusScourge!181229@Clk-57D491B5.plus.com JOIN :#ONI_clan
[TheBattleStar]:PegasusScourge!181229@Clk-57D491B5.plus.com JOIN :#TheBattleStar_admin
[TheBattleStar]:KnowFear555!49130@Clk-9809BB07.hsd1.il.comcast.net PRIVMSG #ONI_clan :!freepoints
[TheBattleStar]>>>PRIVMSG KnowFear555 :Please don't spam me, KnowFear555. I have a 60 second cooldown on that command
[TheBattleStar]:PegasusScourge!181229@Clk-57D491B5.plus.com PRIVMSG #ONI_clan :lol
[TheBattleStar]:Picoo!85465@416E1A5.40A3324E.FDAE81A1.IP PRIVMSG #ONI_clan :!ram PegasusScourge
[TheBattleStar]>>>PRIVMSG Picoo :Please don't spam me, Picoo. I have a 120 second cooldown on that command
[TheBattleStar]:Picoo!85465@416E1A5.40A3324E.FDAE81A1.IP PRIVMSG #ONI_clan :.__.
[TheBattleStar]PING :irc.faforever.com
[TheBattleStar]>>>PONG :irc.faforever.com
[TheBattleStar]PING :irc.faforever.com
[TheBattleStar]>>>PONG :irc.faforever.com
[TheBattleStar]PING :irc.faforever.com
[TheBattleStar]>>>PONG :irc.faforever.com
[TheBattleStar]PING :irc.faforever.com
[TheBattleStar]>>>PONG :irc.faforever.com
[TheBattleStar]PING :irc.faforever.com
[TheBattleStar]>>>PONG :irc.faforever.com
[TheBattleStar]PING :irc.faforever.com
[TheBattleStar]>>>PONG :irc.faforever.com
[TheBattleStar]PING :irc.faforever.com
[TheBattleStar]>>>PONG :irc.faforever.com
[TheBattleStar]PING :irc.faforever.com
[TheBattleStar]>>>PONG :irc.faforever.com
[TheBattleStar]PING :irc.faforever.com
[TheBattleStar]>>>PONG :irc.faforever.com
[TheBattleStar]PING :irc.faforever.com
[TheBattleStar]>>>PONG :irc.faforever.com
[TheBattleStar]PING :irc.faforever.com
[TheBattleStar]>>>PONG :irc.faforever.com
[TheBattleStar]PING :irc.faforever.com
[TheBattleStar]>>>PONG :irc.faforever.com
[TheBattleStar]PING :irc.faforever.com
[TheBattleStar]>>>PONG :irc.faforever.com
[TheBattleStar]PING :irc.faforever.com
[TheBattleStar]>>>PONG :irc.faforever.com
[TheBattleStar]PING :irc.faforever.com
[TheBattleStar]>>>PONG :irc.faforever.com
[TheBattleStar]PING :irc.faforever.com
[TheBattleStar]>>>PONG :irc.faforever.com
